Using pre-set license
Built from '2020.3/staging' branch; Version is '2020.3.14f1 (d0d1bb862f9d) revision 13685179'; Using compiler version '192528614'; Build Type 'Release'
OS: 'Windows 10 Education; OS build 19043.1110; Version 2009; 64bit' Language: 'pt' Physical Memory: 6020 MB
BatchMode: 1, IsHumanControllingUs: 0, StartBugReporterOnCrash: 0, Is64bit: 1, IsPro: 0

 COMMAND LINE ARGUMENTS:
D:\Program Files\Unity\2020.3.14f1\Editor\Unity.exe
-adb2
-batchMode
-noUpm
-name
AssetImportWorker3
-projectPath
D:/20181104010019/Documents/New Unity Project (4)
-logFile
Logs/AssetImportWorker3.log
-srvPort
52824
Successfully changed project path to: D:/20181104010019/Documents/New Unity Project (4)
D:/20181104010019/Documents/New Unity Project (4)
Using Asset Import Pipeline V2.
Refreshing native plugins compatible for Editor in 124.78 ms, found 4 plugins.
Preloading 0 native plugins for Editor in 0.00 ms.
Initialize engine version: 2020.3.14f1 (d0d1bb862f9d)
[Subsystems] Discovering subsystems at path D:/Program Files/Unity/2020.3.14f1/Editor/Data/Resources/UnitySubsystems
[Subsystems] Discovering subsystems at path D:/20181104010019/Documents/New Unity Project (4)/Assets
GfxDevice: creating device client; threaded=0
Direct3D:
    Version:  Direct3D 11.0 [level 11.1]
    Renderer: AMD Radeon(TM) Vega 8 Graphics (ID=0x15d8)
    Vendor:   
    VRAM:     3010 MB
    Driver:   26.20.14046.3
Initialize mono
Mono path[0] = 'D:/Program Files/Unity/2020.3.14f1/Editor/Data/Managed'
Mono path[1] = 'D:/Program Files/Unity/2020.3.14f1/Editor/Data/MonoBleedingEdge/lib/mono/unityjit'
Mono config path = 'D:/Program Files/Unity/2020.3.14f1/Editor/Data/MonoBleedingEdge/etc'
Using monoOptions --debugger-agent=transport=dt_socket,embedding=1,server=y,suspend=n,address=127.0.0.1:56676
Begin MonoManager ReloadAssembly
Registering precompiled unity dll's ...
Register platform support module: D:/Program Files/Unity/2020.3.14f1/Editor/Data/PlaybackEngines/WindowsStandaloneSupport/UnityEditor.WindowsStandalone.Extensions.dll
Registered in 0.001589 seconds.
Native extension for WindowsStandalone target not found
Refreshing native plugins compatible for Editor in 128.16 ms, found 4 plugins.
Preloading 0 native plugins for Editor in 0.00 ms.
Mono: successfully reloaded assembly
- Completed reload, in  1.719 seconds
Domain Reload Profiling:
	ReloadAssembly (1719ms)
		BeginReloadAssembly (93ms)
			ExecutionOrderSort (0ms)
			DisableScriptedObjects (0ms)
			BackupInstance (0ms)
			ReleaseScriptingObjects (0ms)
			CreateAndSetChildDomain (1ms)
		EndReloadAssembly (628ms)
			LoadAssemblies (92ms)
			RebuildTransferFunctionScriptingTraits (0ms)
			SetupTypeCache (188ms)
			ReleaseScriptCaches (0ms)
			RebuildScriptCaches (45ms)
			SetupLoadedEditorAssemblies (308ms)
				LogAssemblyErrors (0ms)
				InitializePlatformSupportModulesInManaged (5ms)
				SetLoadedEditorAssemblies (0ms)
				RefreshPlugins (128ms)
				BeforeProcessingInitializeOnLoad (8ms)
				ProcessInitializeOnLoadAttributes (128ms)
				ProcessInitializeOnLoadMethodAttributes (37ms)
				AfterProcessingInitializeOnLoad (0ms)
				EditorAssembliesLoaded (0ms)
			ExecutionOrderSort2 (0ms)
			AwakeInstancesAfterBackupRestoration (0ms)
Platform modules already initialized, skipping
Registering precompiled user dll's ...
Registered in 0.007065 seconds.
Begin MonoManager ReloadAssembly
Symbol file LoadedFromMemory doesn't match image D:\20181104010019\Documents\New Unity Project (4)\Library\PackageCache\com.unity.visualscripting@1.6.1\Editor\VisualScripting.Core\Dependencies\YamlDotNet\Unity.VisualScripting.YamlDotNet.dll
Symbol file LoadedFromMemory doesn't match image D:\20181104010019\Documents\New Unity Project (4)\Library\PackageCache\com.unity.visualscripting@1.6.1\Editor\VisualScripting.Core\Dependencies\DotNetZip\Unity.VisualScripting.IonicZip.dll
Native extension for WindowsStandalone target not found
Refreshing native plugins compatible for Editor in 1.00 ms, found 4 plugins.
Preloading 0 native plugins for Editor in 0.00 ms.
Mono: successfully reloaded assembly
- Completed reload, in  7.656 seconds
Domain Reload Profiling:
	ReloadAssembly (7657ms)
		BeginReloadAssembly (265ms)
			ExecutionOrderSort (0ms)
			DisableScriptedObjects (8ms)
			BackupInstance (0ms)
			ReleaseScriptingObjects (0ms)
			CreateAndSetChildDomain (31ms)
		EndReloadAssembly (7294ms)
			LoadAssemblies (1994ms)
			RebuildTransferFunctionScriptingTraits (0ms)
			SetupTypeCache (3924ms)
			ReleaseScriptCaches (1ms)
			RebuildScriptCaches (73ms)
			SetupLoadedEditorAssemblies (1224ms)
				LogAssemblyErrors (0ms)
				InitializePlatformSupportModulesInManaged (6ms)
				SetLoadedEditorAssemblies (1ms)
				RefreshPlugins (1ms)
				BeforeProcessingInitializeOnLoad (110ms)
				ProcessInitializeOnLoadAttributes (1068ms)
				ProcessInitializeOnLoadMethodAttributes (32ms)
				AfterProcessingInitializeOnLoad (5ms)
				EditorAssembliesLoaded (0ms)
			ExecutionOrderSort2 (0ms)
			AwakeInstancesAfterBackupRestoration (10ms)
Platform modules already initialized, skipping
========================================================================
Worker process is ready to serve import requests
Launched and connected shader compiler UnityShaderCompiler.exe after 0.10 seconds
Refreshing native plugins compatible for Editor in 0.98 ms, found 4 plugins.
Preloading 0 native plugins for Editor in 0.00 ms.
Unloading 3660 Unused Serialized files (Serialized files now loaded: 0)
System memory in use before: 134.0 MB.
System memory in use after: 134.2 MB.

Unloading 29 unused Assets to reduce memory usage. Loaded Objects now: 4090.
Total: 3.829700 ms (FindLiveObjects: 0.461600 ms CreateObjectMapping: 0.139400 ms MarkObjects: 3.124500 ms  DeleteObjects: 0.102000 ms)

AssetImportParameters requested are different than current active one (requested -> active):
  custom:framework-win-MediaFoundation: 216162199b28c13a410421893ffa2e32 -> 
  custom:video-decoder-ogg-theora: a1e56fd34408186e4bbccfd4996cb3dc -> 
  custom:container-muxer-webm: aa71ff27fc2769a1b78a27578f13a17b -> 
  custom:container-demuxer-webm: 4f35f7cbe854078d1ac9338744f61a02 -> 
  custom:container-demuxer-ogg: 62fdf1f143b41e24485cea50d1cbac27 -> 
  custom:video-encoder-webm-vp8: eb34c28f22e8b96e1ab97ce403110664 -> 
  custom:video-decoder-webm-vp8: 9c59270c3fd7afecdb556c50c9e8de78 -> 
  custom:audio-decoder-ogg-vorbis: bf7c407c2cedff20999df2af8eb42d56 -> 
  custom:audio-encoder-webm-vorbis: bf7c407c2cedff20999df2af8eb42d56 -> 
========================================================================
Received Import Request.
  path: Assets/Scenes
  artifactKey: Guid(131a6b21c8605f84396be9f6751fb6e3) Importer(815301076,1909f56bfc062723c751e8b465ee728b)
Start importing Assets/Scenes using Guid(131a6b21c8605f84396be9f6751fb6e3) Importer(815301076,1909f56bfc062723c751e8b465ee728b)  -> (artifact id: 'df75b7d1a31c5b4f73fd45661b403b04') in 0.026528 seconds 
  Import took 0.034633 seconds .

========================================================================
Received Import Request.
  Time since last request: 0.000278 seconds.
  path: Assets/Sprites
  artifactKey: Guid(01a99c73a85d33843982ead6ded9426e) Importer(815301076,1909f56bfc062723c751e8b465ee728b)
Start importing Assets/Sprites using Guid(01a99c73a85d33843982ead6ded9426e) Importer(815301076,1909f56bfc062723c751e8b465ee728b)  -> (artifact id: '56cf09e2f9b91fc1e7e238c87dd3afbf') in 0.031133 seconds 
  Import took 0.038084 seconds .

========================================================================
Received Import Request.
  Time since last request: 0.000307 seconds.
  path: Assets/Scenes/SampleScene.unity
  artifactKey: Guid(2cda990e2423bbf4892e6590ba056729) Importer(815301076,1909f56bfc062723c751e8b465ee728b)
Start importing Assets/Scenes/SampleScene.unity using Guid(2cda990e2423bbf4892e6590ba056729) Importer(815301076,1909f56bfc062723c751e8b465ee728b)  -> (artifact id: '2b13ed6a46c92fa8653d372145a5881a') in 0.020583 seconds 
  Import took 0.027691 seconds .

========================================================================
Received Import Request.
  Time since last request: 243.783128 seconds.
  path: Assets/Backgrounds/background1.png
  artifactKey: Guid(ef4fc028669badd4e9953ab65edd6f1e) Importer(815301076,1909f56bfc062723c751e8b465ee728b)
Start importing Assets/Backgrounds/background1.png using Guid(ef4fc028669badd4e9953ab65edd6f1e) Importer(815301076,1909f56bfc062723c751e8b465ee728b)  -> (artifact id: '1b4696872baa5fff8b3ddd46ea1d8d04') in 0.407308 seconds 
  Import took 0.416770 seconds .

========================================================================
Received Import Request.
  Time since last request: 0.000267 seconds.
  path: Assets/Backgrounds/backgroundtcc.png
  artifactKey: Guid(6452326a00264c44ebcc83b499d0df73) Importer(815301076,1909f56bfc062723c751e8b465ee728b)
Start importing Assets/Backgrounds/backgroundtcc.png using Guid(6452326a00264c44ebcc83b499d0df73) Importer(815301076,1909f56bfc062723c751e8b465ee728b)  -> (artifact id: 'e24bde202413c3c1be6ac019311453e8') in 0.228601 seconds 
  Import took 0.237241 seconds .

========================================================================
Received Import Request.
  Time since last request: 1.157092 seconds.
  path: Assets/Animation/Player
  artifactKey: Guid(82a6411359d955b4daefddb2f678e73a) Importer(815301076,1909f56bfc062723c751e8b465ee728b)
Start importing Assets/Animation/Player using Guid(82a6411359d955b4daefddb2f678e73a) Importer(815301076,1909f56bfc062723c751e8b465ee728b)  -> (artifact id: 'b6416ebe737d5d80831b10e1a595c753') in 0.010436 seconds 
  Import took 0.019649 seconds .

========================================================================
Received Import Request.
  Time since last request: 0.002319 seconds.
  path: Assets/Animation/Player
  artifactKey: Guid(82a6411359d955b4daefddb2f678e73a) Importer(815301076,1909f56bfc062723c751e8b465ee728b)
Start importing Assets/Animation/Player using Guid(82a6411359d955b4daefddb2f678e73a) Importer(815301076,1909f56bfc062723c751e8b465ee728b)  -> (artifact id: 'b6416ebe737d5d80831b10e1a595c753') in 0.003255 seconds 
  Import took 0.011005 seconds .

========================================================================
Received Import Request.
  Time since last request: 0.786990 seconds.
  path: Assets/Animation/Player/Com braço
  artifactKey: Guid(3105dca9bef4cf34a98101ff289b9bd1) Importer(815301076,1909f56bfc062723c751e8b465ee728b)
Start importing Assets/Animation/Player/Com braço using Guid(3105dca9bef4cf34a98101ff289b9bd1) Importer(815301076,1909f56bfc062723c751e8b465ee728b)  -> (artifact id: 'fa7262b642a82d33d83472efcd6207a9') in 0.016416 seconds 
  Import took 0.025540 seconds .

========================================================================
Received Import Request.
  Time since last request: 11.462545 seconds.
  path: Assets/Animation/Player/Com braço/Fall.anim
  artifactKey: Guid(12f680b1fb750384999e2d7ce9ace355) Importer(815301076,1909f56bfc062723c751e8b465ee728b)
Start importing Assets/Animation/Player/Com braço/Fall.anim using Guid(12f680b1fb750384999e2d7ce9ace355) Importer(815301076,1909f56bfc062723c751e8b465ee728b)  -> (artifact id: 'e9ef429f3f46bbaa983d6257c80bbaaa') in 0.037426 seconds 
  Import took 0.045577 seconds .

========================================================================
Received Import Request.
  Time since last request: 0.020829 seconds.
  path: Assets/Animation/Player/Com braço/Fall.anim
  artifactKey: Guid(12f680b1fb750384999e2d7ce9ace355) Importer(815301076,1909f56bfc062723c751e8b465ee728b)
Start importing Assets/Animation/Player/Com braço/Fall.anim using Guid(12f680b1fb750384999e2d7ce9ace355) Importer(815301076,1909f56bfc062723c751e8b465ee728b)  -> (artifact id: 'e9ef429f3f46bbaa983d6257c80bbaaa') in 0.005011 seconds 
  Import took 0.014119 seconds .

AssetImportWorkerClient::OnTransportError - code=2 error=End of file
